<?xml version="1.0" encoding="UTF-8"?>
<testng-results ignored="0" total="1" passed="1" failed="0" skipped="0">
  <reporter-output>
  </reporter-output>
  <suite started-at="2023-12-01T10:38:23 IST" name="Default suite" finished-at="2023-12-01T10:42:27 IST" duration-ms="243369">
    <groups>
    </groups>
    <test started-at="2023-12-01T10:38:23 IST" name="Default test" finished-at="2023-12-01T10:42:27 IST" duration-ms="243369">
      <class name="tests.Myinfo">
        <test-method signature="Myinfoflow()[pri:0, instance:tests.Myinfo@1ed4ae0f]" started-at="2023-12-01T10:38:24 IST" name="Myinfoflow" finished-at="2023-12-01T10:42:27 IST" duration-ms="243274" status="PASS">
          <reporter-output>
          </reporter-output>
        </test-method> <!-- Myinfoflow -->
      </class> <!-- tests.Myinfo -->
    </test> <!-- Default test -->
  </suite> <!-- Default suite -->
</testng-results>
